
> frontend@0.0.0 build
> vite build

[36mvite v5.4.21 [32mbuilding for production...[36m[39m
transforming...
node_modules/react-router/dist/development/dom-export.mjs (1:0): Error when using sourcemap for reporting an error: Can't resolve original location of error.
node_modules/@tanstack/react-query/build/modern/useSuspenseInfiniteQuery.js (1:0): Error when using sourcemap for reporting an error: Can't resolve original location of error.
node_modules/@tanstack/react-query/build/modern/useSuspenseQuery.js (1:0): Error when using sourcemap for reporting an error: Can't resolve original location of error.
node_modules/@tanstack/react-query/build/modern/useSuspenseQueries.js (1:0): Error when using sourcemap for reporting an error: Can't resolve original location of error.
node_modules/@tanstack/react-query/build/modern/useBaseQuery.js (1:0): Error when using sourcemap for reporting an error: Can't resolve original location of error.
node_modules/framer-motion/dist/es/components/AnimatePresence/index.mjs (1:0): Error when using sourcemap for reporting an error: Can't resolve original location of error.
node_modules/framer-motion/dist/es/utils/reduced-motion/use-reduced-motion.mjs (1:0): Error when using sourcemap for reporting an error: Can't resolve original location of error.
src/components/ui/checkbox.jsx (1:0): Error when using sourcemap for reporting an error: Can't resolve original location of error.
src/components/ui/avatar.jsx (1:0): Error when using sourcemap for reporting an error: Can't resolve original location of error.
node_modules/framer-motion/dist/es/motion/index.mjs (1:0): Error when using sourcemap for reporting an error: Can't resolve original location of error.
[32m✓[39m 4297 modules transformed.
rendering chunks...
computing gzip size...
[2mdist/[22m[32mindex.html                                    [39m[1m[2m    0.93 kB[22m[1m[22m[2m │ gzip:   0.54 kB[22m
[2mdist/[22m[35massets/index-DjVVPKox.css                     [39m[1m[2m   99.34 kB[22m[1m[22m[2m │ gzip:  15.60 kB[22m
[2mdist/[22m[36massets/OnlineTestLegacyRedirect-CIiLqxPZ.js   [39m[1m[2m    0.23 kB[22m[1m[22m[2m │ gzip:   0.21 kB[22m[2m │ map:     0.65 kB[22m
[2mdist/[22m[36massets/DocumentDetailPage-B10ynQ7y.js         [39m[1m[2m    0.25 kB[22m[1m[22m[2m │ gzip:   0.21 kB[22m[2m │ map:     0.54 kB[22m
[2mdist/[22m[36massets/PaperPreviewPage-COZ8AXBm.js           [39m[1m[2m    0.25 kB[22m[1m[22m[2m │ gzip:   0.22 kB[22m[2m │ map:     0.55 kB[22m
[2mdist/[22m[36massets/GeneratorPage-CsvsyU4B.js              [39m[1m[2m    0.36 kB[22m[1m[22m[2m │ gzip:   0.27 kB[22m[2m │ map:     0.70 kB[22m
[2mdist/[22m[36massets/lock-D_Tj0sHl.js                       [39m[1m[2m    0.42 kB[22m[1m[22m[2m │ gzip:   0.33 kB[22m[2m │ map:     1.01 kB[22m
[2mdist/[22m[36massets/mail-pDDr0E35.js                       [39m[1m[2m    0.43 kB[22m[1m[22m[2m │ gzip:   0.34 kB[22m[2m │ map:     1.01 kB[22m
[2mdist/[22m[36massets/target-BK8tfpTs.js                     [39m[1m[2m    0.44 kB[22m[1m[22m[2m │ gzip:   0.30 kB[22m[2m │ map:     1.11 kB[22m
[2mdist/[22m[36massets/ellipsis-CMHdy81G.js                   [39m[1m[2m    0.44 kB[22m[1m[22m[2m │ gzip:   0.30 kB[22m[2m │ map:     1.13 kB[22m
[2mdist/[22m[36massets/copy-BU02Z9CS.js                       [39m[1m[2m    0.45 kB[22m[1m[22m[2m │ gzip:   0.34 kB[22m[2m │ map:     1.04 kB[22m
[2mdist/[22m[36massets/KnowledgeRepoPage-EJL_29KB.js          [39m[1m[2m    0.46 kB[22m[1m[22m[2m │ gzip:   0.32 kB[22m[2m │ map:     0.88 kB[22m
[2mdist/[22m[36massets/presentation-F5dQpx0X.js               [39m[1m[2m    0.46 kB[22m[1m[22m[2m │ gzip:   0.33 kB[22m[2m │ map:     1.09 kB[22m
[2mdist/[22m[36massets/message-square-BSbTrNlK.js             [39m[1m[2m    0.46 kB[22m[1m[22m[2m │ gzip:   0.34 kB[22m[2m │ map:     1.01 kB[22m
[2mdist/[22m[36massets/ellipsis-vertical-DmH6DiP0.js          [39m[1m[2m    0.46 kB[22m[1m[22m[2m │ gzip:   0.31 kB[22m[2m │ map:     1.19 kB[22m
[2mdist/[22m[36massets/shield-BBsG94rY.js                     [39m[1m[2m    0.48 kB[22m[1m[22m[2m │ gzip:   0.36 kB[22m[2m │ map:     1.00 kB[22m
[2mdist/[22m[36massets/bolt-C9sEasGw.js                       [39m[1m[2m    0.49 kB[22m[1m[22m[2m │ gzip:   0.35 kB[22m[2m │ map:     1.08 kB[22m
[2mdist/[22m[36massets/lightbulb-DA6exqtX.js                  [39m[1m[2m    0.50 kB[22m[1m[22m[2m │ gzip:   0.36 kB[22m[2m │ map:     1.15 kB[22m
[2mdist/[22m[36massets/bookmark-check-BBbsrs_2.js             [39m[1m[2m    0.50 kB[22m[1m[22m[2m │ gzip:   0.36 kB[22m[2m │ map:     1.11 kB[22m
[2mdist/[22m[36massets/send-DGDUiKVJ.js                       [39m[1m[2m    0.51 kB[22m[1m[22m[2m │ gzip:   0.37 kB[22m[2m │ map:     1.07 kB[22m
[2mdist/[22m[36massets/square-pen-Bidk9FQP.js                 [39m[1m[2m    0.54 kB[22m[1m[22m[2m │ gzip:   0.38 kB[22m[2m │ map:     1.13 kB[22m
[2mdist/[22m[36massets/bot-Dag7yeFa.js                        [39m[1m[2m    0.54 kB[22m[1m[22m[2m │ gzip:   0.37 kB[22m[2m │ map:     1.37 kB[22m
[2mdist/[22m[36massets/share-2-BfZ9kHBu.js                    [39m[1m[2m    0.57 kB[22m[1m[22m[2m │ gzip:   0.37 kB[22m[2m │ map:     1.45 kB[22m
[2mdist/[22m[36massets/shield-alert-CokuTT-T.js               [39m[1m[2m    0.58 kB[22m[1m[22m[2m │ gzip:   0.40 kB[22m[2m │ map:     1.24 kB[22m
[2mdist/[22m[36massets/systemAPI-spbX3K4j.js                  [39m[1m[2m    0.60 kB[22m[1m[22m[2m │ gzip:   0.39 kB[22m[2m │ map:     2.10 kB[22m
[2mdist/[22m[36massets/hard-drive-CA_EDEUc.js                 [39m[1m[2m    0.61 kB[22m[1m[22m[2m │ gzip:   0.40 kB[22m[2m │ map:     1.32 kB[22m
[2mdist/[22m[36massets/RoleBadge-CE2zikGA.js                  [39m[1m[2m    0.71 kB[22m[1m[22m[2m │ gzip:   0.35 kB[22m[2m │ map:     1.38 kB[22m
[2mdist/[22m[36massets/EmptyState-CSBuHlJb.js                 [39m[1m[2m    0.78 kB[22m[1m[22m[2m │ gzip:   0.46 kB[22m[2m │ map:     1.70 kB[22m
[2mdist/[22m[36massets/zap-DNYTkbFH.js                        [39m[1m[2m    0.91 kB[22m[1m[22m[2m │ gzip:   0.48 kB[22m[2m │ map:     2.12 kB[22m
[2mdist/[22m[36massets/alert-BDu3JU0f.js                      [39m[1m[2m    0.96 kB[22m[1m[22m[2m │ gzip:   0.51 kB[22m[2m │ map:     2.43 kB[22m
[2mdist/[22m[36massets/tag-CFJYD02E.js                        [39m[1m[2m    0.98 kB[22m[1m[22m[2m │ gzip:   0.51 kB[22m[2m │ map:     2.22 kB[22m
[2mdist/[22m[36massets/calendar-days-DTQ8__FO.js              [39m[1m[2m    1.04 kB[22m[1m[22m[2m │ gzip:   0.49 kB[22m[2m │ map:     2.60 kB[22m
[2mdist/[22m[36massets/GeneratedNotesLibraryPage-DAxcAZDQ.js  [39m[1m[2m    1.06 kB[22m[1m[22m[2m │ gzip:   0.55 kB[22m[2m │ map:     2.44 kB[22m
[2mdist/[22m[36massets/useAdminData-r5FtZ5kz.js               [39m[1m[2m    1.14 kB[22m[1m[22m[2m │ gzip:   0.46 kB[22m[2m │ map:     3.96 kB[22m
[2mdist/[22m[36massets/useInfiniteQuery-COIF0q7z.js           [39m[1m[2m    1.22 kB[22m[1m[22m[2m │ gzip:   0.55 kB[22m[2m │ map:     4.61 kB[22m
[2mdist/[22m[36massets/timer-DlRGIpTs.js                      [39m[1m[2m    1.24 kB[22m[1m[22m[2m │ gzip:   0.54 kB[22m[2m │ map:     3.02 kB[22m
[2mdist/[22m[36massets/SystemDashboardPage-BoHxfryn.js        [39m[1m[2m    1.24 kB[22m[1m[22m[2m │ gzip:   0.60 kB[22m[2m │ map:     3.01 kB[22m
[2mdist/[22m[36massets/thumbs-up-OQhlqnJI.js                  [39m[1m[2m    1.31 kB[22m[1m[22m[2m │ gzip:   0.58 kB[22m[2m │ map:     2.97 kB[22m
[2mdist/[22m[36massets/trophy-FwJw0wDy.js                     [39m[1m[2m    1.38 kB[22m[1m[22m[2m │ gzip:   0.56 kB[22m[2m │ map:     3.38 kB[22m
[2mdist/[22m[36massets/ai.mock-CJRmtXxz.js                    [39m[1m[2m    1.51 kB[22m[1m[22m[2m │ gzip:   0.84 kB[22m[2m │ map:     2.72 kB[22m
[2mdist/[22m[36massets/NotesExplorer-DYqgTL0I.js              [39m[1m[2m    1.53 kB[22m[1m[22m[2m │ gzip:   0.79 kB[22m[2m │ map:     4.84 kB[22m
[2mdist/[22m[36massets/useAIChat-D4lpH1rl.js                  [39m[1m[2m    1.58 kB[22m[1m[22m[2m │ gzip:   0.69 kB[22m[2m │ map:     5.64 kB[22m
[2mdist/[22m[36massets/user-cog-CJnSORHs.js                   [39m[1m[2m    1.63 kB[22m[1m[22m[2m │ gzip:   0.65 kB[22m[2m │ map:     3.88 kB[22m
[2mdist/[22m[36massets/ForgotPasswordPage-BcmurQXm.js         [39m[1m[2m    1.68 kB[22m[1m[22m[2m │ gzip:   0.90 kB[22m[2m │ map:     4.73 kB[22m
[2mdist/[22m[36massets/video-D40wbk8w.js                      [39m[1m[2m    1.68 kB[22m[1m[22m[2m │ gzip:   0.67 kB[22m[2m │ map:     4.09 kB[22m
[2mdist/[22m[36massets/SubjectNotesPage-Ci0nB8R2.js           [39m[1m[2m    1.85 kB[22m[1m[22m[2m │ gzip:   0.94 kB[22m[2m │ map:     5.65 kB[22m
[2mdist/[22m[36massets/smartphone-Dl8PJUOd.js                 [39m[1m[2m    2.05 kB[22m[1m[22m[2m │ gzip:   0.78 kB[22m[2m │ map:     4.77 kB[22m
[2mdist/[22m[36massets/sliders-horizontal-BFx3kpsz.js         [39m[1m[2m    2.26 kB[22m[1m[22m[2m │ gzip:   0.75 kB[22m[2m │ map:     5.69 kB[22m
[2mdist/[22m[36massets/authAPI-Cf7VSgoE.js                    [39m[1m[2m    2.36 kB[22m[1m[22m[2m │ gzip:   1.07 kB[22m[2m │ map:     8.07 kB[22m
[2mdist/[22m[36massets/FilePreviewPage-CCc_XK4_.js            [39m[1m[2m    2.98 kB[22m[1m[22m[2m │ gzip:   1.28 kB[22m[2m │ map:     7.37 kB[22m
[2mdist/[22m[36massets/noteActions-B3BgbdOp.js                [39m[1m[2m    3.11 kB[22m[1m[22m[2m │ gzip:   1.42 kB[22m[2m │ map:     8.26 kB[22m
[2mdist/[22m[36massets/FileUploadManagerPage-3_Ap9rrV.js      [39m[1m[2m    3.37 kB[22m[1m[22m[2m │ gzip:   1.51 kB[22m[2m │ map:     9.63 kB[22m
[2mdist/[22m[36massets/NotificationsPage-RQET4Xxa.js          [39m[1m[2m    3.66 kB[22m[1m[22m[2m │ gzip:   1.48 kB[22m[2m │ map:    11.61 kB[22m
[2mdist/[22m[36massets/ActivityFeedPage-B-t9eM2c.js           [39m[1m[2m    3.81 kB[22m[1m[22m[2m │ gzip:   1.60 kB[22m[2m │ map:    10.42 kB[22m
[2mdist/[22m[36massets/checkbox-CWaBmBwN.js                   [39m[1m[2m    3.90 kB[22m[1m[22m[2m │ gzip:   1.73 kB[22m[2m │ map:    16.05 kB[22m
[2mdist/[22m[36massets/SavedNotesPage-CKl1VG23.js             [39m[1m[2m    4.60 kB[22m[1m[22m[2m │ gzip:   1.84 kB[22m[2m │ map:    10.54 kB[22m
[2mdist/[22m[36massets/SystemAnalyticsPage-CLZF__Ed.js        [39m[1m[2m    4.63 kB[22m[1m[22m[2m │ gzip:   1.57 kB[22m[2m │ map:    12.04 kB[22m
[2mdist/[22m[36massets/RoleManagementPage-Br1G4kZd.js         [39m[1m[2m    4.80 kB[22m[1m[22m[2m │ gzip:   1.86 kB[22m[2m │ map:    14.44 kB[22m
[2mdist/[22m[36massets/AdminDashboard-DZbaoGsZ.js             [39m[1m[2m    5.04 kB[22m[1m[22m[2m │ gzip:   1.68 kB[22m[2m │ map:    11.69 kB[22m
[2mdist/[22m[36massets/RegisterPage-DPEu3MTF.js               [39m[1m[2m    5.23 kB[22m[1m[22m[2m │ gzip:   1.79 kB[22m[2m │ map:    12.87 kB[22m
[2mdist/[22m[36massets/NotesViewer-Cz5ZAgXk.js                [39m[1m[2m    5.33 kB[22m[1m[22m[2m │ gzip:   1.72 kB[22m[2m │ map:    11.35 kB[22m
[2mdist/[22m[36massets/BookmarkButton-Do-T7Y5U.js             [39m[1m[2m    5.73 kB[22m[1m[22m[2m │ gzip:   2.65 kB[22m[2m │ map:    15.25 kB[22m
[2mdist/[22m[36massets/adminAPI-Dd6p9n8w.js                   [39m[1m[2m    6.01 kB[22m[1m[22m[2m │ gzip:   2.02 kB[22m[2m │ map:    16.31 kB[22m
[2mdist/[22m[36massets/UserManagementPage-DMvjJAnt.js         [39m[1m[2m    6.10 kB[22m[1m[22m[2m │ gzip:   2.16 kB[22m[2m │ map:    19.34 kB[22m
[2mdist/[22m[36massets/LoginPage-_JiDAZyM.js                  [39m[1m[2m    6.46 kB[22m[1m[22m[2m │ gzip:   2.65 kB[22m[2m │ map:    13.65 kB[22m
[2mdist/[22m[36massets/StudyOverviewPage-CcgXu45B.js          [39m[1m[2m    6.52 kB[22m[1m[22m[2m │ gzip:   2.20 kB[22m[2m │ map:    17.47 kB[22m
[2mdist/[22m[36massets/AIUsageAnalyticsPage-T_k6osiS.js       [39m[1m[2m    6.86 kB[22m[1m[22m[2m │ gzip:   1.84 kB[22m[2m │ map:    16.23 kB[22m
[2mdist/[22m[36massets/ProfilePage-CZvugCeC.js                [39m[1m[2m    7.34 kB[22m[1m[22m[2m │ gzip:   2.50 kB[22m[2m │ map:    21.66 kB[22m
[2mdist/[22m[36massets/ProjectSubmissionPage-BVAT5yhx.js      [39m[1m[2m    7.66 kB[22m[1m[22m[2m │ gzip:   2.71 kB[22m[2m │ map:    20.64 kB[22m
[2mdist/[22m[36massets/StorageManagementPage-DWu0m8st.js      [39m[1m[2m    7.76 kB[22m[1m[22m[2m │ gzip:   2.38 kB[22m[2m │ map:    20.72 kB[22m
[2mdist/[22m[36massets/GeneratedNotesPage-Dv1uMIvy.js         [39m[1m[2m    8.74 kB[22m[1m[22m[2m │ gzip:   2.91 kB[22m[2m │ map:    21.17 kB[22m
[2mdist/[22m[36massets/AIChatPage-Cp2kU0DM.js                 [39m[1m[2m    9.36 kB[22m[1m[22m[2m │ gzip:   3.37 kB[22m[2m │ map:    23.48 kB[22m
[2mdist/[22m[36massets/StudyAnalyticsPage-BsxT1QE9.js         [39m[1m[2m   10.53 kB[22m[1m[22m[2m │ gzip:   3.39 kB[22m[2m │ map:    31.88 kB[22m
[2mdist/[22m[36massets/StudentDashboard-CtZaOBGc.js           [39m[1m[2m   10.70 kB[22m[1m[22m[2m │ gzip:   3.17 kB[22m[2m │ map:    27.73 kB[22m
[2mdist/[22m[36massets/NotePreviewPanel-DHtaIflI.js           [39m[1m[2m   13.48 kB[22m[1m[22m[2m │ gzip:   3.99 kB[22m[2m │ map:    34.36 kB[22m
[2mdist/[22m[36massets/OnlineTestPage-CTxf2jmN.js             [39m[1m[2m   15.12 kB[22m[1m[22m[2m │ gzip:   4.99 kB[22m[2m │ map:    46.68 kB[22m
[2mdist/[22m[36massets/SettingsPage-DsK5PDmc.js               [39m[1m[2m   21.64 kB[22m[1m[22m[2m │ gzip:   7.40 kB[22m[2m │ map:    72.54 kB[22m
[2mdist/[22m[36massets/purify.es-BgtpMKW3.js                  [39m[1m[2m   22.82 kB[22m[1m[22m[2m │ gzip:   8.83 kB[22m[2m │ map:    93.51 kB[22m
[2mdist/[22m[36massets/ActivityLogsPage-Ct028lsz.js           [39m[1m[2m   28.04 kB[22m[1m[22m[2m │ gzip:   8.31 kB[22m[2m │ map:   154.95 kB[22m
[2mdist/[22m[36massets/index.es-B7vBL5-m.js                   [39m[1m[2m  150.74 kB[22m[1m[22m[2m │ gzip:  51.59 kB[22m[2m │ map:   637.73 kB[22m
[2mdist/[22m[36massets/index-DBZXC0q8.js                      [39m[1m[2m  156.46 kB[22m[1m[22m[2m │ gzip:  47.32 kB[22m[2m │ map:   953.88 kB[22m
[2mdist/[22m[36massets/html2canvas.esm-CBrSDip1.js            [39m[1m[2m  201.48 kB[22m[1m[22m[2m │ gzip:  48.08 kB[22m[2m │ map:   602.27 kB[22m
[2mdist/[22m[36massets/LandingPage-DlJhh-GN.js                [39m[1m[33m  871.34 kB[39m[22m[2m │ gzip: 166.27 kB[22m[2m │ map: 2,186.05 kB[22m
[2mdist/[22m[36massets/index-B0ohp-WM.js                      [39m[1m[33m2,058.25 kB[39m[22m[2m │ gzip: 622.78 kB[22m[2m │ map: 8,723.16 kB[22m
[33m
(!) Some chunks are larger than 500 kB after minification. Consider:
- Using dynamic import() to code-split the application
- Use build.rollupOptions.output.manualChunks to improve chunking: https://rollupjs.org/configuration-options/#output-manualchunks
- Adjust chunk size limit for this warning via build.chunkSizeWarningLimit.[39m
[32m✓ built in 23.68s[39m
